TN:
SF:src\config.ts
FNF:0
FNH:0
DA:1,3
DA:3,3
LF:2
LH:2
BRF:0
BRH:0
end_of_record
TN:
SF:src\helpers.ts
FN:4,(anonymous_0)
FN:8,(anonymous_1)
FN:12,(anonymous_2)
FN:24,(anonymous_3)
FNF:4
FNH:4
FNDA:4,(anonymous_0)
FNDA:3,(anonymous_1)
FNDA:5,(anonymous_2)
FNDA:20,(anonymous_3)
DA:1,3
DA:4,3
DA:5,4
DA:8,3
DA:9,3
DA:12,5
DA:13,5
DA:14,1
DA:17,4
DA:18,1
DA:21,3
DA:24,3
DA:25,20
LF:13
LH:13
BRDA:13,0,0,1
BRDA:13,1,0,5
BRDA:13,1,1,4
BRDA:17,2,0,1
BRDA:17,3,0,4
BRDA:17,3,1,3
BRF:6
BRH:6
end_of_record
TN:
SF:src\mock\app.consts.ts
FNF:0
FNH:0
DA:1,1
DA:3,1
LF:2
LH:2
BRF:0
BRH:0
end_of_record
TN:
SF:src\services\public-holidays.service.ts
FN:8,(anonymous_14)
FN:10,(anonymous_15)
FN:18,(anonymous_17)
FN:24,(anonymous_18)
FN:24,(anonymous_19)
FN:37,(anonymous_21)
FN:38,(anonymous_22)
FN:46,(anonymous_24)
FNF:8
FNH:8
FNDA:3,(anonymous_14)
FNDA:3,(anonymous_15)
FNDA:20,(anonymous_17)
FNDA:4,(anonymous_18)
FNDA:4,(anonymous_19)
FNDA:2,(anonymous_21)
FNDA:2,(anonymous_22)
FNDA:1,(anonymous_24)
DA:1,2
DA:2,2
DA:3,2
DA:8,2
DA:10,3
DA:12,3
DA:15,3
DA:18,20
DA:20,1
DA:24,4
DA:25,4
DA:28,4
DA:31,3
DA:33,1
DA:37,2
DA:38,2
DA:40,2
DA:43,2
DA:46,1
DA:48,1
LF:20
LH:20
BRF:0
BRH:0
end_of_record
